2023-02-21 04:55:57 INFO: 2023-02-21 04:55:57test
2023-02-21 04:56:17 INFO: test
2023-02-21 04:57:02 INFO: test
2023-02-21 04:57:02 INFO: test1
2023-02-21 04:57:02 INFO: test1
2023-02-21 04:57:12 INFO: test
2023-02-21 04:57:12 INFO: test1
2023-02-21 04:57:12 INFO: test1
2023-02-21 04:57:53 INFO: 1
2023-02-21 04:58:01 INFO: 1
2023-02-21 04:58:01 INFO: 2
2023-02-21 04:58:01 INFO: 2
2023-02-21 04:58:27 INFO: 1
2023-02-21 04:58:27 INFO: 2
2023-02-21 04:58:27 INFO: 2
2023-02-21 04:59:00 INFO: 1
2023-02-21 04:59:00 INFO: 2
2023-02-21 04:59:00 INFO: 2
2023-02-21 04:59:09 INFO: 1
2023-02-21 04:59:09 INFO: 2
2023-02-21 04:59:09 INFO: 2
2023-02-21 20:43:48 INFO: 1
2023-02-21 20:43:48 INFO: 2
2023-02-21 20:43:48 INFO: 2
2023-02-21 20:44:18 INFO: 1
2023-02-21 20:44:18 INFO: 2
2023-02-21 20:44:18 INFO: 2
2023-02-21 20:45:54 INFO: 1
2023-02-21 20:45:54 INFO: 2
2023-02-21 20:45:54 INFO: 2
2023-02-21 20:45:54 INFO: 3
2023-02-21 20:45:54 INFO: 3
2023-02-21 20:45:54 INFO: 3
2023-02-21 20:50:34 INFO: 1
2023-02-21 20:50:34 INFO: 2
2023-02-21 20:50:34 INFO: 3
2023-02-21 22:37:04 ERROR: Expecting value: line 1 column 1 (char 0)
2023-02-21 22:37:04 ERROR: Expecting value: line 1 column 1 (char 0)
2023-02-21 22:37:07 ERROR: Expecting value: line 1 column 1 (char 0)
2023-02-21 22:37:07 ERROR: Expecting value: line 1 column 1 (char 0)
2023-02-21 22:41:25 get_remote_data ERROR: Expecting value: line 1 column 1 (char 0)
2023-02-21 22:41:25 get_remote_data ERROR: Expecting value: line 1 column 1 (char 0)
2023-02-22 02:15:28 create_file ERROR: dumps() takes 1 positional argument but 2 were given
2023-02-22 04:06:36 get_remote_data ERROR: [Errno 2] No such file or directory: './data/remote_data.json'
2023-02-22 04:06:36 create_area ERROR: Remote_moudule.log format error
2023-02-22 04:06:36 delete_fill ERROR: [Errno 2] No such file or directory: './data/remote_data.json'
2023-02-22 04:14:01 delete_file ERROR: Remote no such file 
2023-02-22 04:14:52 delete_file ERROR: delete error: no such file 
2023-02-22 04:15:03 delete_file ERROR: no such file 
2023-02-22 04:16:34 create_area ERROR: Remote_moudule.log format error
2023-02-22 04:18:58 create_area ERROR: default alread exists
2023-02-22 22:39:24 add_remote_info ERROR: 'NoneType' object is not subscriptable
2023-02-22 22:40:02 add_area ERROR: 'NoneType' object has no attribute 'keys'
2023-02-22 22:40:02 add_remote_info ERROR: 'NoneType' object has no attribute 'keys'
2023-02-22 22:40:11 add_remote_info ERROR: 'NoneType' object is not subscriptable
2023-02-22 22:40:37 add_area ERROR: 'NoneType' object has no attribute 'keys'
2023-02-22 22:40:37 add_remote_info ERROR: 'NoneType' object has no attribute 'keys'
2023-02-22 22:41:07 add_area ERROR: 'NoneType' object has no attribute 'keys'
2023-02-22 22:41:07 add_remote_info ERROR: 'NoneType' object has no attribute 'keys'
2023-02-22 22:41:28 add_area ERROR: default alread exists
2023-02-22 22:41:56 add_remote_info ERROR: 'NoneType' object is not subscriptable
2023-02-22 22:42:12 add_remote_info ERROR: 'NoneType' object has no attribute 'keys'
2023-02-22 22:43:18 add_remote_info ERROR: 'NoneType' object is not subscriptable
2023-02-22 22:43:44 add_remote_info ERROR: 'NoneType' object is not subscriptable
2023-02-22 22:44:49 add_remote_info ERROR: list indices must be integers or slices, not str
2023-02-22 22:46:17 add_remote_info ERROR: 'list' object has no attribute 'keys'
2023-02-22 22:46:25 add_remote_info ERROR: list indices must be integers or slices, not str
2023-02-22 22:47:30 add_remote_info ERROR: list indices must be integers or slices, not str
2023-02-22 22:48:15 add_remote_info ERROR: 'list' object has no attribute 'keys'
2023-02-22 22:48:24 add_remote_info ERROR: list indices must be integers or slices, not str
2023-02-22 22:49:24 add_remote_info ERROR: list indices must be integers or slices, not str
2023-02-22 22:50:43 add_remote_info ERROR: list indices must be integers or slices, not str
2023-02-22 22:51:20 add_remote_info ERROR: list indices must be integers or slices, not str
2023-02-22 22:51:56 add_remote_info ERROR: '_io.TextIOWrapper' object is not subscriptable
2023-02-22 22:52:35 add_remote_info ERROR: '_io.TextIOWrapper' object is not subscriptable
2023-02-22 22:55:59 add_remote_info ERROR: '_io.TextIOWrapper' object is not subscriptable
2023-02-23 00:18:26 add_remote_info ERROR: '_io.TextIOWrapper' object is not subscriptable
2023-02-23 00:19:03 add_remote_info ERROR: '_io.TextIOWrapper' object is not subscriptable
2023-02-23 00:19:23 add_remote_info ERROR: '_io.TextIOWrapper' object is not subscriptable
2023-02-23 00:19:59 add_remote_info ERROR: '_io.TextIOWrapper' object is not subscriptable
2023-02-23 00:20:38 add_remote_info ERROR: must have exactly one of create/read/write/append mode
2023-02-23 00:20:57 add_remote_info ERROR: '_io.TextIOWrapper' object is not subscriptable
2023-02-23 00:21:02 add_remote_info ERROR: '_io.TextIOWrapper' object is not subscriptable
2023-02-23 00:21:57 add_remote_info ERROR: '_io.TextIOWrapper' object is not subscriptable
2023-02-23 00:22:17 add_remote_info ERROR: the JSON object must be str, bytes or bytearray, not TextIOWrapper
2023-02-23 00:23:15 add_remote_info ERROR: not readable
2023-02-23 00:24:50 add_remote_info ERROR: the JSON object must be str, bytes or bytearray, not TextIOWrapper
2023-02-23 00:24:53 add_remote_info ERROR: the JSON object must be str, bytes or bytearray, not TextIOWrapper
2023-02-23 00:26:30 add_remote_info ERROR: not readable
2023-02-23 00:26:37 add_remote_info ERROR: the JSON object must be str, bytes or bytearray, not TextIOWrapper
2023-02-23 00:27:20 add_remote_info ERROR: the JSON object must be str, bytes or bytearray, not TextIOWrapper
2023-02-23 00:28:05 add_remote_info ERROR: Object of type TextIOWrapper is not JSON serializable
2023-02-23 00:28:15 add_remote_info ERROR: not readable
2023-02-23 00:28:41 add_remote_info ERROR: not readable
2023-02-23 00:28:49 add_remote_info ERROR: not readable
2023-02-23 00:28:55 get_remote_data ERROR: Expecting value: line 1 column 1 (char 0)
2023-02-23 00:28:55 add_remote_info ERROR: 'bool' object has no attribute 'keys'
2023-02-23 00:29:00 add_remote_info ERROR: the JSON object must be str, bytes or bytearray, not TextIOWrapper
2023-02-23 00:29:14 add_remote_info ERROR: the JSON object must be str, bytes or bytearray, not TextIOWrapper
2023-02-23 00:29:38 add_remote_info ERROR: must have exactly one of create/read/write/append mode
2023-02-23 00:29:50 add_remote_info ERROR: must have exactly one of create/read/write/append mode
2023-02-23 00:29:56 add_remote_info ERROR: must have exactly one of create/read/write/append mode
2023-02-23 00:30:01 add_remote_info ERROR: must have exactly one of create/read/write/append mode
2023-02-23 00:30:26 add_remote_info ERROR: not readable
2023-02-23 00:30:31 get_remote_data ERROR: Expecting value: line 1 column 1 (char 0)
2023-02-23 00:30:31 add_remote_info ERROR: 'bool' object has no attribute 'keys'
2023-02-23 00:30:36 get_remote_data ERROR: Extra data: line 1 column 5 (char 4)
2023-02-23 00:30:36 add_remote_info ERROR: 'bool' object has no attribute 'keys'
2023-02-23 00:30:58 add_remote_info ERROR: '_io.TextIOWrapper' object is not subscriptable
2023-02-23 00:31:29 add_remote_info ERROR: '_io.TextIOWrapper' object is not subscriptable
2023-02-23 00:31:35 add_remote_info ERROR: '_io.TextIOWrapper' object is not subscriptable
2023-02-23 00:32:09 add_remote_info ERROR: '_io.TextIOWrapper' object is not subscriptable
2023-02-23 00:32:16 add_remote_info ERROR: '_io.TextIOWrapper' object is not subscriptable
2023-02-23 00:32:28 add_remote_info ERROR: not writable
2023-02-23 00:32:59 add_remote_info ERROR: 'dict' object has no attribute 'append'
2023-02-23 00:33:51 add_remote_info ERROR: 'dict' object has no attribute 'append'
2023-02-23 00:34:09 add_remote_info ERROR: 'dict' object has no attribute 'append'
2023-02-23 00:34:25 add_remote_info ERROR: 'dict' object has no attribute 'append'
2023-02-23 00:34:40 add_remote_info ERROR: 'dict' object has no attribute 'append'
2023-02-23 00:35:29 get_remote_data ERROR: Expecting value: line 1 column 1 (char 0)
2023-02-23 00:35:29 add_remote_info ERROR: 'bool' object has no attribute 'keys'
2023-02-23 00:35:33 add_remote_info ERROR: list indices must be integers or slices, not str
2023-02-23 00:36:26 add_remote_info ERROR: list indices must be integers or slices, not str
2023-02-23 00:37:03 add_remote_info ERROR: list indices must be integers or slices, not str
2023-02-23 00:37:23 add_remote_info ERROR: list indices must be integers or slices, not str
2023-02-23 00:38:08 add_remote_info ERROR: list indices must be integers or slices, not str
2023-02-23 00:38:37 add_remote_info INFO: Add remote info Successfully 
2023-02-23 00:41:29 add_remote_info INFO: Add remote info Successfully 
2023-02-23 00:41:45 add_remote_info INFO: test3 alread exists
2023-02-23 00:41:57 add_remote_info ERROR: default does not exist
2023-02-23 01:19:48 get_remote_area_alias_list ERROR: 'Remote_date_operate' object has no attribute 'get_remote_date'
